2013-04-09	10:27:38		1365528458	13	4	5875553666	Config Values:
2013-04-09	10:27:38		1365528458	14	4	5875553667	commandLine=
2013-04-09	10:27:38		1365528458	15	4	5875553667	Settings [Settings]
2013-04-09	10:27:38		1365528458	16	4	5875553667	appName=Wizardry Online
2013-04-09	10:27:38		1365528458	17	4	5875553667	id=wiz
2013-04-09	10:27:38		1365528458	18	4	5875553667	height=615
2013-04-09	10:27:38		1365528458	19	4	5875553667	width=915
2013-04-09	10:27:38		1365528458	20	4	5875553667	GameCode=wiz
2013-04-09	10:27:38		1365528458	21	4	5875553667	
[Display]
2013-04-09	10:27:38		1365528458	22	4	5875553667	WindowWidth=915
2013-04-09	10:27:38		1365528458	23	4	5875553667	WindowHeight=615
2013-04-09	10:27:38		1365528458	24	4	5875553667	

2013-04-09	10:27:38		1365528458	25	4	5875553667	Override Settings 
2013-04-09	10:27:39		1365528458	86	4	5875554162	LoadLegacyIniValues - Setting legacy ini entry, legacyEntry=width, section=Display, key=WindowWidth, value=915.
2013-04-09	10:27:39		1365528458	87	4	5875554162	LoadLegacyIniValues - Setting legacy ini entry, legacyEntry=height, section=Display, key=WindowHeight, value=615.
2013-04-09	10:27:39		1365528458	88	4	5875554162	LoadLegacyIniValues - Setting legacy ini entry, legacyEntry=id, section=Settings, key=GameCode, value=wiz.
2013-04-09	10:27:39		1365528458	89	4	5875554163	LoadConfigValues - launchUrl is empty, will create.
2013-04-09	10:27:39		1365528458	90	4	5875554163	LoadConfigValues - Created browser url=https://lp.soe.com/wiz.2/live/?t=58755.
2013-04-09	10:27:39		1365528458	91	4	5875554163	LoadConfigValues - SelfDigestUrl is empty, will create.
2013-04-09	10:27:39		1365528458	92	4	5875554163	SelfDigestUrl=http://manifest.patch.station.sony.com/patch/sha/manifest/lp4/live/gamelauncher/wiz/live.sha.soe
2013-04-09	10:27:39		1365528458	93	4	5875554163	LoadConfigValues - launchPadVersionUrl is empty, will create.
2013-04-09	10:27:39		1365528458	94	4	5875554163	SelfVersionUrl=http://lp.soe.com/static/lp/LaunchPadShellVersion.txt
2013-04-09	10:27:39		1365528458	95	4	5875554163	LoadConfigValues - UpdaterDigestUrl is empty, will create.
2013-04-09	10:27:39		1365528458	96	4	5875554164	UpdaterDigestUrl=http://manifest.patch.station.sony.com/patch/sha/manifest/lp4/live/applicationupdater.sha.soe
2013-04-09	10:27:39		1365528458	98	4	5875554164	LoadConfigValues - patcherDownloadUrl is empty, will create.
2013-04-09	10:27:39		1365528458	99	4	5875554164	PatcherDigestUrl=http://lp.soe.com/static/plugin/npsoeact.dll.zs
2013-04-09	10:27:39		1365528458	100	4	5875554164	LoadConfigValues - patcherVersionUrl is empty, will create.
2013-04-09	10:27:39		1365528458	101	4	5875554164	PatcherVersionUrl=http://lp.soe.com/static/plugin/ActionVersion.txt
2013-04-09	10:27:39		1365528458	103	4	5875554164	PatcherFolder=C:/Users/mmeyer/AppData/LocalLow/Sony Online Entertainment
2013-04-09	10:27:39		1365528458	104	4	5875554164	PatcherFilename=npsoeact.dll
2013-04-09	10:27:39		1365528458	105	4	5875554164	Config Values:
2013-04-09	10:27:39		1365528458	106	4	5875554164	commandLine=
2013-04-09	10:27:39		1365528458	107	4	5875554164	Settings [Settings]
2013-04-09	10:27:39		1365528458	108	4	5875554164	appName=Wizardry Online
2013-04-09	10:27:39		1365528458	109	4	5875554164	id=wiz
2013-04-09	10:27:39		1365528458	110	4	5875554164	height=615
2013-04-09	10:27:39		1365528458	111	4	5875554164	width=915
2013-04-09	10:27:39		1365528458	112	4	5875554164	GameCode=wiz
2013-04-09	10:27:39		1365528458	113	4	5875554164	
[Display]
2013-04-09	10:27:39		1365528458	114	4	5875554164	WindowWidth=915
2013-04-09	10:27:39		1365528458	115	4	5875554164	WindowHeight=615
2013-04-09	10:27:39		1365528458	116	4	5875554164	

2013-04-09	10:27:39		1365528458	117	4	5875554164	Override Settings 
